-------------------------------------------------------------------------------
Test set: com.springboot.MyTodoList.OracleDatabaseTest
-------------------------------------------------------------------------------
Tests run: 2, Failures: 0, Errors: 2, Skipped: 0, Time elapsed: 27.78 s <<< FAILURE! - in com.springboot.MyTodoList.OracleDatabaseTest
testUpdateSprintStatus  Time elapsed: 0.008 s  <<< ERROR!
java.lang.IllegalStateException: Failed to load ApplicationContext
Caused by: org.springframework.beans.factory.BeanCreationException: Error creating bean with name 'openAIService': Injection of autowired dependencies failed; nested exception is java.lang.IllegalArgumentException: Could not resolve placeholder 'openai.api.key' in value "${openai.api.key}"
Caused by: java.lang.IllegalArgumentException: Could not resolve placeholder 'openai.api.key' in value "${openai.api.key}"

testCreateAndFindSprint  Time elapsed: 0 s  <<< ERROR!
java.lang.IllegalStateException: Failed to load ApplicationContext
Caused by: org.springframework.beans.factory.BeanCreationException: Error creating bean with name 'openAIService': Injection of autowired dependencies failed; nested exception is java.lang.IllegalArgumentException: Could not resolve placeholder 'openai.api.key' in value "${openai.api.key}"
Caused by: java.lang.IllegalArgumentException: Could not resolve placeholder 'openai.api.key' in value "${openai.api.key}"

